2025-10-06 14:24:17,959 FATAL [main] - ai.djl.engine.EngineException: Failed to load PyTorch native library (jp.go.digital.kanjikana.core.engine.AiWordEngine.java:94)
2025-10-06 14:24:18,776 FATAL [main] - ai.djl.engine.EngineException: Failed to load PyTorch native library (jp.go.digital.kanjikana.core.engine.AiWordEngine.java:94)
2025-10-06 14:24:19,523 FATAL [main] - ai.djl.engine.EngineException: Failed to load PyTorch native library (jp.go.digital.kanjikana.core.engine.AiWordEngine.java:94)
2025-10-06 14:24:20,251 FATAL [main] - ai.djl.engine.EngineException: Failed to load PyTorch native library (jp.go.digital.kanjikana.core.engine.AiWordEngine.java:94)
2025-10-06 14:24:20,966 FATAL [main] - ai.djl.engine.EngineException: Failed to load PyTorch native library (jp.go.digital.kanjikana.core.engine.AiWordEngine.java:94)
2025-10-06 14:24:21,676 FATAL [main] - ai.djl.engine.EngineException: Failed to load PyTorch native library (jp.go.digital.kanjikana.core.engine.AiWordEngine.java:94)
2025-10-06 14:24:22,382 FATAL [main] - ai.djl.engine.EngineException: Failed to load PyTorch native library (jp.go.digital.kanjikana.core.engine.AiWordEngine.java:94)
2025-10-06 14:24:23,111 FATAL [main] - ai.djl.engine.EngineException: Failed to load PyTorch native library (jp.go.digital.kanjikana.core.engine.AiWordEngine.java:94)
2025-10-06 14:24:23,881 FATAL [main] - ai.djl.engine.EngineException: Failed to load PyTorch native library (jp.go.digital.kanjikana.core.engine.AiWordEngine.java:94)
2025-10-06 14:24:24,589 FATAL [main] - ai.djl.engine.EngineException: Failed to load PyTorch native library (jp.go.digital.kanjikana.core.engine.AiWordEngine.java:94)
2025-10-06 14:24:25,321 FATAL [main] - ai.djl.engine.EngineException: Failed to load PyTorch native library (jp.go.digital.kanjikana.core.engine.AiWordEngine.java:94)
2025-10-06 14:24:26,040 FATAL [main] - ai.djl.engine.EngineException: Failed to load PyTorch native library (jp.go.digital.kanjikana.core.engine.AiWordEngine.java:94)
2025-10-06 14:24:26,765 FATAL [main] - ai.djl.engine.EngineException: Failed to load PyTorch native library (jp.go.digital.kanjikana.core.engine.AiWordEngine.java:94)
2025-10-06 14:24:27,473 FATAL [main] - ai.djl.engine.EngineException: Failed to load PyTorch native library (jp.go.digital.kanjikana.core.engine.AiWordEngine.java:94)
2025-10-06 14:24:28,196 FATAL [main] - ai.djl.engine.EngineException: Failed to load PyTorch native library (jp.go.digital.kanjikana.core.engine.AiWordEngine.java:94)
2025-10-06 14:24:28,916 FATAL [main] - ai.djl.engine.EngineException: Failed to load PyTorch native library (jp.go.digital.kanjikana.core.engine.AiWordEngine.java:94)
2025-10-06 14:24:29,625 FATAL [main] - ai.djl.engine.EngineException: Failed to load PyTorch native library (jp.go.digital.kanjikana.core.engine.AiWordEngine.java:94)
2025-10-06 14:24:30,340 FATAL [main] - ai.djl.engine.EngineException: Failed to load PyTorch native library (jp.go.digital.kanjikana.core.engine.AiWordEngine.java:94)
2025-10-06 14:24:31,084 FATAL [main] - ai.djl.engine.EngineException: Failed to load PyTorch native library (jp.go.digital.kanjikana.core.engine.AiWordEngine.java:94)
2025-10-06 14:24:31,807 FATAL [main] - ai.djl.engine.EngineException: Failed to load PyTorch native library (jp.go.digital.kanjikana.core.engine.AiWordEngine.java:94)
2025-10-06 14:24:32,521 FATAL [main] - ai.djl.engine.EngineException: Failed to load PyTorch native library (jp.go.digital.kanjikana.core.engine.AiWordEngine.java:94)
2025-10-06 14:24:33,233 FATAL [main] - ai.djl.engine.EngineException: Failed to load PyTorch native library (jp.go.digital.kanjikana.core.engine.AiWordEngine.java:94)
2025-10-06 14:24:33,946 FATAL [main] - ai.djl.engine.EngineException: Failed to load PyTorch native library (jp.go.digital.kanjikana.core.engine.AiWordEngine.java:94)
2025-10-06 14:24:34,887 FATAL [main] - ai.djl.engine.EngineException: Failed to load PyTorch native library (jp.go.digital.kanjikana.core.engine.AiWordEngine.java:94)
2025-10-06 14:24:35,600 FATAL [main] - ai.djl.engine.EngineException: Failed to load PyTorch native library (jp.go.digital.kanjikana.core.engine.AiWordEngine.java:94)
2025-10-06 14:24:36,313 FATAL [main] - ai.djl.engine.EngineException: Failed to load PyTorch native library (jp.go.digital.kanjikana.core.engine.AiWordEngine.java:94)
2025-10-06 14:24:37,027 FATAL [main] - ai.djl.engine.EngineException: Failed to load PyTorch native library (jp.go.digital.kanjikana.core.engine.AiWordEngine.java:94)
2025-10-06 14:24:37,745 FATAL [main] - ai.djl.engine.EngineException: Failed to load PyTorch native library (jp.go.digital.kanjikana.core.engine.AiWordEngine.java:94)
2025-10-06 14:24:38,460 FATAL [main] - ai.djl.engine.EngineException: Failed to load PyTorch native library (jp.go.digital.kanjikana.core.engine.AiWordEngine.java:94)
2025-10-06 14:24:39,180 FATAL [main] - ai.djl.engine.EngineException: Failed to load PyTorch native library (jp.go.digital.kanjikana.core.engine.AiWordEngine.java:94)
2025-10-06 14:24:39,899 FATAL [main] - ai.djl.engine.EngineException: Failed to load PyTorch native library (jp.go.digital.kanjikana.core.engine.AiWordEngine.java:94)
2025-10-06 14:24:40,626 FATAL [main] - ai.djl.engine.EngineException: Failed to load PyTorch native library (jp.go.digital.kanjikana.core.engine.AiWordEngine.java:94)
2025-10-06 14:24:41,339 FATAL [main] - ai.djl.engine.EngineException: Failed to load PyTorch native library (jp.go.digital.kanjikana.core.engine.AiWordEngine.java:94)
2025-10-06 14:24:42,057 FATAL [main] - ai.djl.engine.EngineException: Failed to load PyTorch native library (jp.go.digital.kanjikana.core.engine.AiWordEngine.java:94)
2025-10-06 14:24:42,908 FATAL [main] - ai.djl.engine.EngineException: Failed to load PyTorch native library (jp.go.digital.kanjikana.core.engine.AiWordEngine.java:94)
2025-10-06 14:24:43,620 FATAL [main] - ai.djl.engine.EngineException: Failed to load PyTorch native library (jp.go.digital.kanjikana.core.engine.AiWordEngine.java:94)
2025-10-06 14:24:44,332 FATAL [main] - ai.djl.engine.EngineException: Failed to load PyTorch native library (jp.go.digital.kanjikana.core.engine.AiWordEngine.java:94)
2025-10-06 14:24:45,043 FATAL [main] - ai.djl.engine.EngineException: Failed to load PyTorch native library (jp.go.digital.kanjikana.core.engine.AiWordEngine.java:94)
2025-10-06 14:24:45,756 FATAL [main] - ai.djl.engine.EngineException: Failed to load PyTorch native library (jp.go.digital.kanjikana.core.engine.AiWordEngine.java:94)
2025-10-06 14:24:46,471 FATAL [main] - ai.djl.engine.EngineException: Failed to load PyTorch native library (jp.go.digital.kanjikana.core.engine.AiWordEngine.java:94)
2025-10-06 14:24:47,355 FATAL [main] - ai.djl.engine.EngineException: Failed to load PyTorch native library (jp.go.digital.kanjikana.core.engine.AiWordEngine.java:94)
2025-10-06 14:24:48,078 FATAL [main] - ai.djl.engine.EngineException: Failed to load PyTorch native library (jp.go.digital.kanjikana.core.engine.AiWordEngine.java:94)
2025-10-06 14:24:48,790 FATAL [main] - ai.djl.engine.EngineException: Failed to load PyTorch native library (jp.go.digital.kanjikana.core.engine.AiWordEngine.java:94)
2025-10-06 14:24:49,499 FATAL [main] - ai.djl.engine.EngineException: Failed to load PyTorch native library (jp.go.digital.kanjikana.core.engine.AiWordEngine.java:94)
2025-10-06 14:24:50,207 FATAL [main] - ai.djl.engine.EngineException: Failed to load PyTorch native library (jp.go.digital.kanjikana.core.engine.AiWordEngine.java:94)
2025-10-06 14:24:50,924 FATAL [main] - ai.djl.engine.EngineException: Failed to load PyTorch native library (jp.go.digital.kanjikana.core.engine.AiWordEngine.java:94)
2025-10-06 14:24:51,645 FATAL [main] - ai.djl.engine.EngineException: Failed to load PyTorch native library (jp.go.digital.kanjikana.core.engine.AiWordEngine.java:94)
2025-10-06 14:24:52,359 FATAL [main] - ai.djl.engine.EngineException: Failed to load PyTorch native library (jp.go.digital.kanjikana.core.engine.AiWordEngine.java:94)
2025-10-06 14:24:53,070 FATAL [main] - ai.djl.engine.EngineException: Failed to load PyTorch native library (jp.go.digital.kanjikana.core.engine.AiWordEngine.java:94)
2025-10-06 14:24:53,780 FATAL [main] - ai.djl.engine.EngineException: Failed to load PyTorch native library (jp.go.digital.kanjikana.core.engine.AiWordEngine.java:94)
2025-10-06 14:24:54,499 FATAL [main] - ai.djl.engine.EngineException: Failed to load PyTorch native library (jp.go.digital.kanjikana.core.engine.AiWordEngine.java:94)
2025-10-06 14:24:55,210 FATAL [main] - ai.djl.engine.EngineException: Failed to load PyTorch native library (jp.go.digital.kanjikana.core.engine.AiWordEngine.java:94)
2025-10-06 14:24:55,935 FATAL [main] - ai.djl.engine.EngineException: Failed to load PyTorch native library (jp.go.digital.kanjikana.core.engine.AiWordEngine.java:94)
2025-10-06 14:24:56,660 FATAL [main] - ai.djl.engine.EngineException: Failed to load PyTorch native library (jp.go.digital.kanjikana.core.engine.AiWordEngine.java:94)
2025-10-06 14:24:57,381 FATAL [main] - ai.djl.engine.EngineException: Failed to load PyTorch native library (jp.go.digital.kanjikana.core.engine.AiWordEngine.java:94)
2025-10-06 14:24:58,114 FATAL [main] - ai.djl.engine.EngineException: Failed to load PyTorch native library (jp.go.digital.kanjikana.core.engine.AiWordEngine.java:94)
2025-10-06 14:24:59,036 FATAL [main] - ai.djl.engine.EngineException: Failed to load PyTorch native library (jp.go.digital.kanjikana.core.engine.AiWordEngine.java:94)
2025-10-06 14:24:59,757 FATAL [main] - ai.djl.engine.EngineException: Failed to load PyTorch native library (jp.go.digital.kanjikana.core.engine.AiWordEngine.java:94)
2025-10-06 14:25:00,467 FATAL [main] - ai.djl.engine.EngineException: Failed to load PyTorch native library (jp.go.digital.kanjikana.core.engine.AiWordEngine.java:94)
2025-10-06 14:25:01,193 FATAL [main] - ai.djl.engine.EngineException: Failed to load PyTorch native library (jp.go.digital.kanjikana.core.engine.AiWordEngine.java:94)
2025-10-06 14:25:01,908 FATAL [main] - ai.djl.engine.EngineException: Failed to load PyTorch native library (jp.go.digital.kanjikana.core.engine.AiWordEngine.java:94)
2025-10-06 14:25:02,639 FATAL [main] - ai.djl.engine.EngineException: Failed to load PyTorch native library (jp.go.digital.kanjikana.core.engine.AiWordEngine.java:94)
2025-10-06 14:25:03,374 FATAL [main] - ai.djl.engine.EngineException: Failed to load PyTorch native library (jp.go.digital.kanjikana.core.engine.AiWordEngine.java:94)
2025-10-06 14:25:04,097 FATAL [main] - ai.djl.engine.EngineException: Failed to load PyTorch native library (jp.go.digital.kanjikana.core.engine.AiWordEngine.java:94)
2025-10-06 14:25:04,816 FATAL [main] - ai.djl.engine.EngineException: Failed to load PyTorch native library (jp.go.digital.kanjikana.core.engine.AiWordEngine.java:94)
2025-10-06 14:25:05,543 FATAL [main] - ai.djl.engine.EngineException: Failed to load PyTorch native library (jp.go.digital.kanjikana.core.engine.AiWordEngine.java:94)
2025-10-06 14:25:06,263 FATAL [main] - ai.djl.engine.EngineException: Failed to load PyTorch native library (jp.go.digital.kanjikana.core.engine.AiWordEngine.java:94)
2025-10-06 14:25:06,980 FATAL [main] - ai.djl.engine.EngineException: Failed to load PyTorch native library (jp.go.digital.kanjikana.core.engine.AiWordEngine.java:94)
2025-10-06 14:25:07,692 FATAL [main] - ai.djl.engine.EngineException: Failed to load PyTorch native library (jp.go.digital.kanjikana.core.engine.AiWordEngine.java:94)
2025-10-06 14:25:08,400 FATAL [main] - ai.djl.engine.EngineException: Failed to load PyTorch native library (jp.go.digital.kanjikana.core.engine.AiWordEngine.java:94)
2025-10-06 14:25:09,110 FATAL [main] - ai.djl.engine.EngineException: Failed to load PyTorch native library (jp.go.digital.kanjikana.core.engine.AiWordEngine.java:94)
2025-10-06 14:25:09,822 FATAL [main] - ai.djl.engine.EngineException: Failed to load PyTorch native library (jp.go.digital.kanjikana.core.engine.AiWordEngine.java:94)
2025-10-06 14:25:10,527 FATAL [main] - ai.djl.engine.EngineException: Failed to load PyTorch native library (jp.go.digital.kanjikana.core.engine.AiWordEngine.java:94)
2025-10-06 14:59:59,573 INFO  [main] - 1,山田　太郎,ヤマダ　ハナコ,ng (jp.go.digital.kanjikana.core.executor.generate.Kanji2KanaMain.java:110)
2025-10-06 15:24:28,412 INFO  [main] - 1,山田　太郎,ヤマダ　ハナコ,ng (jp.go.digital.kanjikana.core.executor.generate.Kanji2KanaMain.java:110)
2025-10-06 15:43:22,705 INFO  [main] - BeamSearch (propaties) initialized. parallelEnabled=true, parallelism(auto)=16, legacySelectEachLoop=false (jp.go.digital.kanjikana.core.engine.ai.BeamSearch.java:91)
2025-10-06 15:43:24,238 INFO  [main] - 1,山田　太郎,ヤマダ　ハナコ,ng (jp.go.digital.kanjikana.core.executor.generate.Kanji2KanaMain.java:110)
2025-10-06 15:43:28,235 INFO  [main] - BeamSearch (propaties) initialized. parallelEnabled=true, parallelism(auto)=16, legacySelectEachLoop=false (jp.go.digital.kanjikana.core.engine.ai.BeamSearch.java:91)
2025-10-06 15:59:23,975 INFO  [main] - BeamSearch (propaties) initialized. parallelEnabled=true, parallelism(auto)=16, legacySelectEachLoop=false (jp.go.digital.kanjikana.core.engine.ai.BeamSearch.java:91)
2025-10-06 15:59:24,412 INFO  [main] - BeamSearch (propaties) initialized. parallelEnabled=true, parallelism(auto)=16, legacySelectEachLoop=false (jp.go.digital.kanjikana.core.engine.ai.BeamSearch.java:91)
2025-10-06 15:59:24,426 INFO  [main] - BeamSearch (propaties) initialized. parallelEnabled=true, parallelism(auto)=16, legacySelectEachLoop=false (jp.go.digital.kanjikana.core.engine.ai.BeamSearch.java:91)
2025-10-06 15:59:24,601 INFO  [main] - BeamSearch (propaties) initialized. parallelEnabled=true, parallelism(auto)=16, legacySelectEachLoop=false (jp.go.digital.kanjikana.core.engine.ai.BeamSearch.java:91)
2025-10-06 15:59:24,603 INFO  [main] - BeamSearch (propaties) initialized. parallelEnabled=true, parallelism(auto)=16, legacySelectEachLoop=false (jp.go.digital.kanjikana.core.engine.ai.BeamSearch.java:91)
2025-10-06 15:59:24,603 INFO  [main] - BeamSearch (propaties) initialized. parallelEnabled=true, parallelism(auto)=16, legacySelectEachLoop=false (jp.go.digital.kanjikana.core.engine.ai.BeamSearch.java:91)
2025-10-06 15:59:24,696 INFO  [main] - BeamSearch (propaties) initialized. parallelEnabled=true, parallelism(auto)=16, legacySelectEachLoop=false (jp.go.digital.kanjikana.core.engine.ai.BeamSearch.java:91)
2025-10-06 15:59:24,704 INFO  [main] - BeamSearch (propaties) initialized. parallelEnabled=true, parallelism(auto)=16, legacySelectEachLoop=false (jp.go.digital.kanjikana.core.engine.ai.BeamSearch.java:91)
2025-10-06 15:59:24,705 INFO  [main] - BeamSearch (propaties) initialized. parallelEnabled=true, parallelism(auto)=16, legacySelectEachLoop=false (jp.go.digital.kanjikana.core.engine.ai.BeamSearch.java:91)
2025-10-06 15:59:24,705 INFO  [main] - BeamSearch (propaties) initialized. parallelEnabled=true, parallelism(auto)=16, legacySelectEachLoop=false (jp.go.digital.kanjikana.core.engine.ai.BeamSearch.java:91)
2025-10-06 15:59:24,706 INFO  [main] - BeamSearch (propaties) initialized. parallelEnabled=true, parallelism(auto)=16, legacySelectEachLoop=false (jp.go.digital.kanjikana.core.engine.ai.BeamSearch.java:91)
2025-10-06 15:59:24,706 INFO  [main] - BeamSearch (propaties) initialized. parallelEnabled=true, parallelism(auto)=16, legacySelectEachLoop=false (jp.go.digital.kanjikana.core.engine.ai.BeamSearch.java:91)
2025-10-06 15:59:24,719 INFO  [main] - BeamSearch (propaties) initialized. parallelEnabled=true, parallelism(auto)=16, legacySelectEachLoop=false (jp.go.digital.kanjikana.core.engine.ai.BeamSearch.java:91)
2025-10-06 15:59:24,719 INFO  [main] - BeamSearch (propaties) initialized. parallelEnabled=true, parallelism(auto)=16, legacySelectEachLoop=false (jp.go.digital.kanjikana.core.engine.ai.BeamSearch.java:91)
2025-10-06 15:59:24,719 INFO  [main] - BeamSearch (propaties) initialized. parallelEnabled=true, parallelism(auto)=16, legacySelectEachLoop=false (jp.go.digital.kanjikana.core.engine.ai.BeamSearch.java:91)
2025-10-06 15:59:25,050 INFO  [main] - BeamSearch (propaties) initialized. parallelEnabled=true, parallelism(auto)=16, legacySelectEachLoop=false (jp.go.digital.kanjikana.core.engine.ai.BeamSearch.java:91)
2025-10-06 15:59:25,051 INFO  [main] - BeamSearch (propaties) initialized. parallelEnabled=true, parallelism(auto)=16, legacySelectEachLoop=false (jp.go.digital.kanjikana.core.engine.ai.BeamSearch.java:91)
2025-10-06 15:59:25,051 INFO  [main] - BeamSearch (propaties) initialized. parallelEnabled=true, parallelism(auto)=16, legacySelectEachLoop=false (jp.go.digital.kanjikana.core.engine.ai.BeamSearch.java:91)
2025-10-06 15:59:25,058 INFO  [main] - BeamSearch (propaties) initialized. parallelEnabled=true, parallelism(auto)=16, legacySelectEachLoop=false (jp.go.digital.kanjikana.core.engine.ai.BeamSearch.java:91)
2025-10-06 15:59:25,058 INFO  [main] - BeamSearch (propaties) initialized. parallelEnabled=true, parallelism(auto)=16, legacySelectEachLoop=false (jp.go.digital.kanjikana.core.engine.ai.BeamSearch.java:91)
2025-10-06 15:59:25,059 INFO  [main] - BeamSearch (propaties) initialized. parallelEnabled=true, parallelism(auto)=16, legacySelectEachLoop=false (jp.go.digital.kanjikana.core.engine.ai.BeamSearch.java:91)
2025-10-06 15:59:25,175 INFO  [main] - BeamSearch (propaties) initialized. parallelEnabled=true, parallelism(auto)=16, legacySelectEachLoop=false (jp.go.digital.kanjikana.core.engine.ai.BeamSearch.java:91)
2025-10-06 15:59:25,176 INFO  [main] - BeamSearch (propaties) initialized. parallelEnabled=true, parallelism(auto)=16, legacySelectEachLoop=false (jp.go.digital.kanjikana.core.engine.ai.BeamSearch.java:91)
2025-10-06 15:59:25,387 INFO  [main] - BeamSearch (propaties) initialized. parallelEnabled=true, parallelism(auto)=16, legacySelectEachLoop=false (jp.go.digital.kanjikana.core.engine.ai.BeamSearch.java:91)
2025-10-06 15:59:25,535 INFO  [main] - BeamSearch (propaties) initialized. parallelEnabled=true, parallelism(auto)=16, legacySelectEachLoop=false (jp.go.digital.kanjikana.core.engine.ai.BeamSearch.java:91)
2025-10-06 15:59:25,755 INFO  [main] - BeamSearch (propaties) initialized. parallelEnabled=true, parallelism(auto)=16, legacySelectEachLoop=false (jp.go.digital.kanjikana.core.engine.ai.BeamSearch.java:91)
2025-10-06 15:59:26,040 INFO  [main] - BeamSearch (propaties) initialized. parallelEnabled=true, parallelism(auto)=16, legacySelectEachLoop=false (jp.go.digital.kanjikana.core.engine.ai.BeamSearch.java:91)
2025-10-06 15:59:26,040 INFO  [main] - BeamSearch (propaties) initialized. parallelEnabled=true, parallelism(auto)=16, legacySelectEachLoop=false (jp.go.digital.kanjikana.core.engine.ai.BeamSearch.java:91)
2025-10-06 15:59:26,040 INFO  [main] - BeamSearch (propaties) initialized. parallelEnabled=true, parallelism(auto)=16, legacySelectEachLoop=false (jp.go.digital.kanjikana.core.engine.ai.BeamSearch.java:91)
2025-10-06 15:59:26,048 INFO  [main] - BeamSearch (propaties) initialized. parallelEnabled=true, parallelism(auto)=16, legacySelectEachLoop=false (jp.go.digital.kanjikana.core.engine.ai.BeamSearch.java:91)
2025-10-06 15:59:26,160 INFO  [main] - BeamSearch (propaties) initialized. parallelEnabled=true, parallelism(auto)=16, legacySelectEachLoop=false (jp.go.digital.kanjikana.core.engine.ai.BeamSearch.java:91)
2025-10-06 15:59:26,161 INFO  [main] - BeamSearch (propaties) initialized. parallelEnabled=true, parallelism(auto)=16, legacySelectEachLoop=false (jp.go.digital.kanjikana.core.engine.ai.BeamSearch.java:91)
2025-10-06 15:59:26,161 INFO  [main] - BeamSearch (propaties) initialized. parallelEnabled=true, parallelism(auto)=16, legacySelectEachLoop=false (jp.go.digital.kanjikana.core.engine.ai.BeamSearch.java:91)
2025-10-06 15:59:26,280 INFO  [main] - BeamSearch (propaties) initialized. parallelEnabled=true, parallelism(auto)=16, legacySelectEachLoop=false (jp.go.digital.kanjikana.core.engine.ai.BeamSearch.java:91)
2025-10-06 15:59:26,650 INFO  [main] - BeamSearch (propaties) initialized. parallelEnabled=true, parallelism(auto)=16, legacySelectEachLoop=false (jp.go.digital.kanjikana.core.engine.ai.BeamSearch.java:91)
2025-10-06 15:59:26,651 INFO  [main] - BeamSearch (propaties) initialized. parallelEnabled=true, parallelism(auto)=16, legacySelectEachLoop=false (jp.go.digital.kanjikana.core.engine.ai.BeamSearch.java:91)
2025-10-06 15:59:26,651 INFO  [main] - BeamSearch (propaties) initialized. parallelEnabled=true, parallelism(auto)=16, legacySelectEachLoop=false (jp.go.digital.kanjikana.core.engine.ai.BeamSearch.java:91)
2025-10-06 15:59:26,652 INFO  [main] - BeamSearch (propaties) initialized. parallelEnabled=true, parallelism(auto)=16, legacySelectEachLoop=false (jp.go.digital.kanjikana.core.engine.ai.BeamSearch.java:91)
2025-10-06 15:59:26,652 INFO  [main] - BeamSearch (propaties) initialized. parallelEnabled=true, parallelism(auto)=16, legacySelectEachLoop=false (jp.go.digital.kanjikana.core.engine.ai.BeamSearch.java:91)
2025-10-06 15:59:26,652 INFO  [main] - BeamSearch (propaties) initialized. parallelEnabled=true, parallelism(auto)=16, legacySelectEachLoop=false (jp.go.digital.kanjikana.core.engine.ai.BeamSearch.java:91)
2025-10-06 15:59:26,816 INFO  [main] - BeamSearch (propaties) initialized. parallelEnabled=true, parallelism(auto)=16, legacySelectEachLoop=false (jp.go.digital.kanjikana.core.engine.ai.BeamSearch.java:91)
2025-10-06 15:59:26,816 INFO  [main] - BeamSearch (propaties) initialized. parallelEnabled=true, parallelism(auto)=16, legacySelectEachLoop=false (jp.go.digital.kanjikana.core.engine.ai.BeamSearch.java:91)
2025-10-06 15:59:26,817 INFO  [main] - BeamSearch (propaties) initialized. parallelEnabled=true, parallelism(auto)=16, legacySelectEachLoop=false (jp.go.digital.kanjikana.core.engine.ai.BeamSearch.java:91)
2025-10-06 15:59:26,817 INFO  [main] - BeamSearch (propaties) initialized. parallelEnabled=true, parallelism(auto)=16, legacySelectEachLoop=false (jp.go.digital.kanjikana.core.engine.ai.BeamSearch.java:91)
2025-10-06 15:59:26,817 INFO  [main] - BeamSearch (propaties) initialized. parallelEnabled=true, parallelism(auto)=16, legacySelectEachLoop=false (jp.go.digital.kanjikana.core.engine.ai.BeamSearch.java:91)
2025-10-06 15:59:26,821 INFO  [main] - BeamSearch (propaties) initialized. parallelEnabled=true, parallelism(auto)=16, legacySelectEachLoop=false (jp.go.digital.kanjikana.core.engine.ai.BeamSearch.java:91)
2025-10-06 15:59:26,821 INFO  [main] - BeamSearch (propaties) initialized. parallelEnabled=true, parallelism(auto)=16, legacySelectEachLoop=false (jp.go.digital.kanjikana.core.engine.ai.BeamSearch.java:91)
2025-10-06 15:59:26,822 INFO  [main] - BeamSearch (propaties) initialized. parallelEnabled=true, parallelism(auto)=16, legacySelectEachLoop=false (jp.go.digital.kanjikana.core.engine.ai.BeamSearch.java:91)
2025-10-06 15:59:26,822 INFO  [main] - BeamSearch (propaties) initialized. parallelEnabled=true, parallelism(auto)=16, legacySelectEachLoop=false (jp.go.digital.kanjikana.core.engine.ai.BeamSearch.java:91)
2025-10-06 15:59:26,822 INFO  [main] - BeamSearch (propaties) initialized. parallelEnabled=true, parallelism(auto)=16, legacySelectEachLoop=false (jp.go.digital.kanjikana.core.engine.ai.BeamSearch.java:91)
2025-10-06 15:59:26,830 INFO  [main] - BeamSearch (propaties) initialized. parallelEnabled=true, parallelism(auto)=16, legacySelectEachLoop=false (jp.go.digital.kanjikana.core.engine.ai.BeamSearch.java:91)
2025-10-06 15:59:27,006 INFO  [main] - BeamSearch (propaties) initialized. parallelEnabled=true, parallelism(auto)=16, legacySelectEachLoop=false (jp.go.digital.kanjikana.core.engine.ai.BeamSearch.java:91)
2025-10-06 15:59:27,184 INFO  [main] - BeamSearch (propaties) initialized. parallelEnabled=true, parallelism(auto)=16, legacySelectEachLoop=false (jp.go.digital.kanjikana.core.engine.ai.BeamSearch.java:91)
2025-10-06 15:59:27,476 INFO  [main] - BeamSearch (propaties) initialized. parallelEnabled=true, parallelism(auto)=16, legacySelectEachLoop=false (jp.go.digital.kanjikana.core.engine.ai.BeamSearch.java:91)
2025-10-06 15:59:27,476 INFO  [main] - BeamSearch (propaties) initialized. parallelEnabled=true, parallelism(auto)=16, legacySelectEachLoop=false (jp.go.digital.kanjikana.core.engine.ai.BeamSearch.java:91)
2025-10-06 15:59:27,477 INFO  [main] - BeamSearch (propaties) initialized. parallelEnabled=true, parallelism(auto)=16, legacySelectEachLoop=false (jp.go.digital.kanjikana.core.engine.ai.BeamSearch.java:91)
2025-10-06 15:59:27,672 INFO  [main] - BeamSearch (propaties) initialized. parallelEnabled=true, parallelism(auto)=16, legacySelectEachLoop=false (jp.go.digital.kanjikana.core.engine.ai.BeamSearch.java:91)
2025-10-06 15:59:27,672 INFO  [main] - BeamSearch (propaties) initialized. parallelEnabled=true, parallelism(auto)=16, legacySelectEachLoop=false (jp.go.digital.kanjikana.core.engine.ai.BeamSearch.java:91)
2025-10-06 15:59:27,673 INFO  [main] - BeamSearch (propaties) initialized. parallelEnabled=true, parallelism(auto)=16, legacySelectEachLoop=false (jp.go.digital.kanjikana.core.engine.ai.BeamSearch.java:91)
2025-10-06 15:59:27,673 INFO  [main] - BeamSearch (propaties) initialized. parallelEnabled=true, parallelism(auto)=16, legacySelectEachLoop=false (jp.go.digital.kanjikana.core.engine.ai.BeamSearch.java:91)
2025-10-06 15:59:27,673 INFO  [main] - BeamSearch (propaties) initialized. parallelEnabled=true, parallelism(auto)=16, legacySelectEachLoop=false (jp.go.digital.kanjikana.core.engine.ai.BeamSearch.java:91)
2025-10-06 15:59:27,673 INFO  [main] - BeamSearch (propaties) initialized. parallelEnabled=true, parallelism(auto)=16, legacySelectEachLoop=false (jp.go.digital.kanjikana.core.engine.ai.BeamSearch.java:91)
2025-10-06 15:59:27,683 INFO  [main] - BeamSearch (propaties) initialized. parallelEnabled=true, parallelism(auto)=16, legacySelectEachLoop=false (jp.go.digital.kanjikana.core.engine.ai.BeamSearch.java:91)
2025-10-06 15:59:27,683 INFO  [main] - BeamSearch (propaties) initialized. parallelEnabled=true, parallelism(auto)=16, legacySelectEachLoop=false (jp.go.digital.kanjikana.core.engine.ai.BeamSearch.java:91)
2025-10-06 15:59:27,683 INFO  [main] - BeamSearch (propaties) initialized. parallelEnabled=true, parallelism(auto)=16, legacySelectEachLoop=false (jp.go.digital.kanjikana.core.engine.ai.BeamSearch.java:91)
2025-10-06 15:59:27,684 INFO  [main] - BeamSearch (propaties) initialized. parallelEnabled=true, parallelism(auto)=16, legacySelectEachLoop=false (jp.go.digital.kanjikana.core.engine.ai.BeamSearch.java:91)
2025-10-06 15:59:27,684 INFO  [main] - BeamSearch (propaties) initialized. parallelEnabled=true, parallelism(auto)=16, legacySelectEachLoop=false (jp.go.digital.kanjikana.core.engine.ai.BeamSearch.java:91)
2025-10-06 15:59:27,684 INFO  [main] - BeamSearch (propaties) initialized. parallelEnabled=true, parallelism(auto)=16, legacySelectEachLoop=false (jp.go.digital.kanjikana.core.engine.ai.BeamSearch.java:91)
2025-10-06 15:59:27,688 INFO  [main] - BeamSearch (propaties) initialized. parallelEnabled=true, parallelism(auto)=16, legacySelectEachLoop=false (jp.go.digital.kanjikana.core.engine.ai.BeamSearch.java:91)
2025-10-06 15:59:27,868 INFO  [main] - BeamSearch (propaties) initialized. parallelEnabled=true, parallelism(auto)=16, legacySelectEachLoop=false (jp.go.digital.kanjikana.core.engine.ai.BeamSearch.java:91)
2025-10-06 15:59:27,869 INFO  [main] - BeamSearch (propaties) initialized. parallelEnabled=true, parallelism(auto)=16, legacySelectEachLoop=false (jp.go.digital.kanjikana.core.engine.ai.BeamSearch.java:91)
2025-10-06 15:59:27,869 INFO  [main] - BeamSearch (propaties) initialized. parallelEnabled=true, parallelism(auto)=16, legacySelectEachLoop=false (jp.go.digital.kanjikana.core.engine.ai.BeamSearch.java:91)
2025-10-06 15:59:27,870 INFO  [main] - BeamSearch (propaties) initialized. parallelEnabled=true, parallelism(auto)=16, legacySelectEachLoop=false (jp.go.digital.kanjikana.core.engine.ai.BeamSearch.java:91)
2025-10-06 15:59:29,907 INFO  [main] - 1,山田　太郎,ヤマダ　ハナコ,ng (jp.go.digital.kanjikana.core.executor.generate.Kanji2KanaMain.java:110)
2025-10-06 15:59:33,839 INFO  [main] - BeamSearch (propaties) initialized. parallelEnabled=true, parallelism(auto)=16, legacySelectEachLoop=false (jp.go.digital.kanjikana.core.engine.ai.BeamSearch.java:91)
2025-10-06 15:59:34,289 INFO  [main] - 2,山田　太郎,ヤマダタロウ,ok (jp.go.digital.kanjikana.core.executor.generate.Kanji2KanaMain.java:110)
2025-10-06 15:59:34,289 INFO  [main] - BeamSearch (propaties) initialized. parallelEnabled=true, parallelism(auto)=16, legacySelectEachLoop=false (jp.go.digital.kanjikana.core.engine.ai.BeamSearch.java:91)
2025-10-06 15:59:34,505 INFO  [main] - 3,山田　太郎,サンダ　フトロウ,ok (jp.go.digital.kanjikana.core.executor.generate.Kanji2KanaMain.java:110)
2025-10-06 15:59:34,505 INFO  [main] - BeamSearch (propaties) initialized. parallelEnabled=true, parallelism(auto)=16, legacySelectEachLoop=false (jp.go.digital.kanjikana.core.engine.ai.BeamSearch.java:91)
2025-10-06 15:59:34,720 INFO  [main] - 4,BILLY JOEL,ビリー　ジョエル,ok (jp.go.digital.kanjikana.core.executor.generate.Kanji2KanaMain.java:110)
2025-10-06 15:59:34,720 INFO  [main] - BeamSearch (propaties) initialized. parallelEnabled=true, parallelism(auto)=16, legacySelectEachLoop=false (jp.go.digital.kanjikana.core.engine.ai.BeamSearch.java:91)
2025-10-06 15:59:34,946 INFO  [main] - 5,BILLY JOEL,ビリー　ジュエル,ng (jp.go.digital.kanjikana.core.executor.generate.Kanji2KanaMain.java:110)
2025-10-06 15:59:34,947 INFO  [main] - BeamSearch (propaties) initialized. parallelEnabled=true, parallelism(auto)=16, legacySelectEachLoop=false (jp.go.digital.kanjikana.core.engine.ai.BeamSearch.java:91)
2025-10-06 15:59:35,189 INFO  [main] - 6,BILLY JOEL,ビリージョエル,ok (jp.go.digital.kanjikana.core.executor.generate.Kanji2KanaMain.java:110)
2025-10-06 15:59:35,190 INFO  [main] - BeamSearch (propaties) initialized. parallelEnabled=true, parallelism(auto)=16, legacySelectEachLoop=false (jp.go.digital.kanjikana.core.engine.ai.BeamSearch.java:91)
2025-10-06 15:59:35,430 INFO  [main] - 7,東京［日本］　花子,ニッポン　ハナコ,ok (jp.go.digital.kanjikana.core.executor.generate.Kanji2KanaMain.java:110)
2025-10-06 15:59:35,431 INFO  [main] - BeamSearch (propaties) initialized. parallelEnabled=true, parallelism(auto)=16, legacySelectEachLoop=false (jp.go.digital.kanjikana.core.engine.ai.BeamSearch.java:91)
2025-10-06 15:59:35,687 INFO  [main] - BeamSearch (propaties) initialized. parallelEnabled=true, parallelism(auto)=16, legacySelectEachLoop=false (jp.go.digital.kanjikana.core.engine.ai.BeamSearch.java:91)
2025-10-06 15:59:35,889 INFO  [main] - 8,東京［日本］　花子,トウキョウ　ハナコ,ok (jp.go.digital.kanjikana.core.executor.generate.Kanji2KanaMain.java:110)
2025-10-06 15:59:35,889 INFO  [main] - BeamSearch (propaties) initialized. parallelEnabled=true, parallelism(auto)=16, legacySelectEachLoop=false (jp.go.digital.kanjikana.core.engine.ai.BeamSearch.java:91)
2025-10-06 15:59:36,148 INFO  [main] - BeamSearch (propaties) initialized. parallelEnabled=true, parallelism(auto)=16, legacySelectEachLoop=false (jp.go.digital.kanjikana.core.engine.ai.BeamSearch.java:91)
2025-10-06 15:59:36,342 INFO  [main] - 9,東京［日本］　花子,ニホン　ハナコ,ok (jp.go.digital.kanjikana.core.executor.generate.Kanji2KanaMain.java:110)
2025-10-06 15:59:36,343 INFO  [main] - BeamSearch (propaties) initialized. parallelEnabled=true, parallelism(auto)=16, legacySelectEachLoop=false (jp.go.digital.kanjikana.core.engine.ai.BeamSearch.java:91)
2025-10-06 15:59:36,591 INFO  [main] - BeamSearch (propaties) initialized. parallelEnabled=true, parallelism(auto)=16, legacySelectEachLoop=false (jp.go.digital.kanjikana.core.engine.ai.BeamSearch.java:91)
2025-10-06 15:59:36,780 INFO  [main] - 10,東京［日本］　花子,ニホン　ジロウ,ng (jp.go.digital.kanjikana.core.executor.generate.Kanji2KanaMain.java:110)
2025-10-06 15:59:36,780 INFO  [main] - BeamSearch (propaties) initialized. parallelEnabled=true, parallelism(auto)=16, legacySelectEachLoop=false (jp.go.digital.kanjikana.core.engine.ai.BeamSearch.java:91)
2025-10-06 15:59:37,032 INFO  [main] - BeamSearch (propaties) initialized. parallelEnabled=true, parallelism(auto)=16, legacySelectEachLoop=false (jp.go.digital.kanjikana.core.engine.ai.BeamSearch.java:91)
2025-10-06 15:59:37,244 INFO  [main] - 11,ALLEN JACKSON＿鈴木　一郎（高橋　二郎）,タカハシ　ジロウ,ok (jp.go.digital.kanjikana.core.executor.generate.Kanji2KanaMain.java:110)
2025-10-06 15:59:37,245 INFO  [main] - BeamSearch (propaties) initialized. parallelEnabled=true, parallelism(auto)=16, legacySelectEachLoop=false (jp.go.digital.kanjikana.core.engine.ai.BeamSearch.java:91)
2025-10-06 15:59:37,558 INFO  [main] - BeamSearch (propaties) initialized. parallelEnabled=true, parallelism(auto)=16, legacySelectEachLoop=false (jp.go.digital.kanjikana.core.engine.ai.BeamSearch.java:91)
2025-10-06 15:59:37,777 INFO  [main] - BeamSearch (propaties) initialized. parallelEnabled=true, parallelism(auto)=16, legacySelectEachLoop=false (jp.go.digital.kanjikana.core.engine.ai.BeamSearch.java:91)
2025-10-06 15:59:37,978 INFO  [main] - 12,ALLEN JACKSON＿鈴木　一郎（高橋　二郎）,スズキ　イチロウ,ok (jp.go.digital.kanjikana.core.executor.generate.Kanji2KanaMain.java:110)
2025-10-06 15:59:37,979 INFO  [main] - BeamSearch (propaties) initialized. parallelEnabled=true, parallelism(auto)=16, legacySelectEachLoop=false (jp.go.digital.kanjikana.core.engine.ai.BeamSearch.java:91)
2025-10-06 15:59:38,274 INFO  [main] - BeamSearch (propaties) initialized. parallelEnabled=true, parallelism(auto)=16, legacySelectEachLoop=false (jp.go.digital.kanjikana.core.engine.ai.BeamSearch.java:91)
2025-10-06 15:59:38,486 INFO  [main] - BeamSearch (propaties) initialized. parallelEnabled=true, parallelism(auto)=16, legacySelectEachLoop=false (jp.go.digital.kanjikana.core.engine.ai.BeamSearch.java:91)
2025-10-06 15:59:38,690 INFO  [main] - 13,ALLEN JACKSON＿鈴木　一郎（高橋　二郎）,アーレン　イチロウ,ng (jp.go.digital.kanjikana.core.executor.generate.Kanji2KanaMain.java:110)
2025-10-06 15:59:38,690 INFO  [main] - BeamSearch (propaties) initialized. parallelEnabled=true, parallelism(auto)=16, legacySelectEachLoop=false (jp.go.digital.kanjikana.core.engine.ai.BeamSearch.java:91)
2025-10-06 15:59:38,971 INFO  [main] - BeamSearch (propaties) initialized. parallelEnabled=true, parallelism(auto)=16, legacySelectEachLoop=false (jp.go.digital.kanjikana.core.engine.ai.BeamSearch.java:91)
2025-10-06 15:59:39,184 INFO  [main] - BeamSearch (propaties) initialized. parallelEnabled=true, parallelism(auto)=16, legacySelectEachLoop=false (jp.go.digital.kanjikana.core.engine.ai.BeamSearch.java:91)
2025-10-06 15:59:39,395 INFO  [main] - 14,ALLEN JACKSON＿鈴木　一郎（高橋　二郎）,アーレン　ジャクソン,ok (jp.go.digital.kanjikana.core.executor.generate.Kanji2KanaMain.java:110)
2025-10-06 15:59:39,395 INFO  [main] - BeamSearch (propaties) initialized. parallelEnabled=true, parallelism(auto)=16, legacySelectEachLoop=false (jp.go.digital.kanjikana.core.engine.ai.BeamSearch.java:91)
2025-10-06 15:59:39,680 INFO  [main] - BeamSearch (propaties) initialized. parallelEnabled=true, parallelism(auto)=16, legacySelectEachLoop=false (jp.go.digital.kanjikana.core.engine.ai.BeamSearch.java:91)
2025-10-06 15:59:39,910 INFO  [main] - BeamSearch (propaties) initialized. parallelEnabled=true, parallelism(auto)=16, legacySelectEachLoop=false (jp.go.digital.kanjikana.core.engine.ai.BeamSearch.java:91)
2025-10-06 15:59:40,117 INFO  [main] - 15,ALLEN JACKSON＿鈴木　一郎（高橋　光宙）,タカハシ　ピカチュウ,ok (jp.go.digital.kanjikana.core.executor.generate.Kanji2KanaMain.java:110)
2025-10-06 15:59:40,117 INFO  [main] - BeamSearch (propaties) initialized. parallelEnabled=true, parallelism(auto)=16, legacySelectEachLoop=false (jp.go.digital.kanjikana.core.engine.ai.BeamSearch.java:91)
2025-10-06 15:59:40,401 INFO  [main] - BeamSearch (propaties) initialized. parallelEnabled=true, parallelism(auto)=16, legacySelectEachLoop=false (jp.go.digital.kanjikana.core.engine.ai.BeamSearch.java:91)
2025-10-06 15:59:40,618 INFO  [main] - BeamSearch (propaties) initialized. parallelEnabled=true, parallelism(auto)=16, legacySelectEachLoop=false (jp.go.digital.kanjikana.core.engine.ai.BeamSearch.java:91)
2025-10-08 16:08:32,051 INFO  [main] - BeamSearch (propaties) initialized. parallelEnabled=true, parallelism(auto)=16, legacySelectEachLoop=false (jp.go.digital.kanjikana.core.engine.ai.BeamSearch.java:91)
2025-10-08 16:08:32,504 INFO  [main] - BeamSearch (propaties) initialized. parallelEnabled=true, parallelism(auto)=16, legacySelectEachLoop=false (jp.go.digital.kanjikana.core.engine.ai.BeamSearch.java:91)
2025-10-08 16:08:32,520 INFO  [main] - BeamSearch (propaties) initialized. parallelEnabled=true, parallelism(auto)=16, legacySelectEachLoop=false (jp.go.digital.kanjikana.core.engine.ai.BeamSearch.java:91)
2025-10-08 16:08:32,698 INFO  [main] - BeamSearch (propaties) initialized. parallelEnabled=true, parallelism(auto)=16, legacySelectEachLoop=false (jp.go.digital.kanjikana.core.engine.ai.BeamSearch.java:91)
2025-10-08 16:08:32,700 INFO  [main] - BeamSearch (propaties) initialized. parallelEnabled=true, parallelism(auto)=16, legacySelectEachLoop=false (jp.go.digital.kanjikana.core.engine.ai.BeamSearch.java:91)
2025-10-08 16:08:32,700 INFO  [main] - BeamSearch (propaties) initialized. parallelEnabled=true, parallelism(auto)=16, legacySelectEachLoop=false (jp.go.digital.kanjikana.core.engine.ai.BeamSearch.java:91)
2025-10-08 16:08:32,795 INFO  [main] - BeamSearch (propaties) initialized. parallelEnabled=true, parallelism(auto)=16, legacySelectEachLoop=false (jp.go.digital.kanjikana.core.engine.ai.BeamSearch.java:91)
2025-10-08 16:08:32,804 INFO  [main] - BeamSearch (propaties) initialized. parallelEnabled=true, parallelism(auto)=16, legacySelectEachLoop=false (jp.go.digital.kanjikana.core.engine.ai.BeamSearch.java:91)
2025-10-08 16:08:32,804 INFO  [main] - BeamSearch (propaties) initialized. parallelEnabled=true, parallelism(auto)=16, legacySelectEachLoop=false (jp.go.digital.kanjikana.core.engine.ai.BeamSearch.java:91)
2025-10-08 16:08:32,805 INFO  [main] - BeamSearch (propaties) initialized. parallelEnabled=true, parallelism(auto)=16, legacySelectEachLoop=false (jp.go.digital.kanjikana.core.engine.ai.BeamSearch.java:91)
2025-10-08 16:08:32,806 INFO  [main] - BeamSearch (propaties) initialized. parallelEnabled=true, parallelism(auto)=16, legacySelectEachLoop=false (jp.go.digital.kanjikana.core.engine.ai.BeamSearch.java:91)
2025-10-08 16:08:32,806 INFO  [main] - BeamSearch (propaties) initialized. parallelEnabled=true, parallelism(auto)=16, legacySelectEachLoop=false (jp.go.digital.kanjikana.core.engine.ai.BeamSearch.java:91)
2025-10-08 16:08:32,826 INFO  [main] - BeamSearch (propaties) initialized. parallelEnabled=true, parallelism(auto)=16, legacySelectEachLoop=false (jp.go.digital.kanjikana.core.engine.ai.BeamSearch.java:91)
2025-10-08 16:08:32,827 INFO  [main] - BeamSearch (propaties) initialized. parallelEnabled=true, parallelism(auto)=16, legacySelectEachLoop=false (jp.go.digital.kanjikana.core.engine.ai.BeamSearch.java:91)
2025-10-08 16:08:32,827 INFO  [main] - BeamSearch (propaties) initialized. parallelEnabled=true, parallelism(auto)=16, legacySelectEachLoop=false (jp.go.digital.kanjikana.core.engine.ai.BeamSearch.java:91)
2025-10-08 16:08:33,148 INFO  [main] - BeamSearch (propaties) initialized. parallelEnabled=true, parallelism(auto)=16, legacySelectEachLoop=false (jp.go.digital.kanjikana.core.engine.ai.BeamSearch.java:91)
2025-10-08 16:08:33,149 INFO  [main] - BeamSearch (propaties) initialized. parallelEnabled=true, parallelism(auto)=16, legacySelectEachLoop=false (jp.go.digital.kanjikana.core.engine.ai.BeamSearch.java:91)
2025-10-08 16:08:33,149 INFO  [main] - BeamSearch (propaties) initialized. parallelEnabled=true, parallelism(auto)=16, legacySelectEachLoop=false (jp.go.digital.kanjikana.core.engine.ai.BeamSearch.java:91)
2025-10-08 16:08:33,156 INFO  [main] - BeamSearch (propaties) initialized. parallelEnabled=true, parallelism(auto)=16, legacySelectEachLoop=false (jp.go.digital.kanjikana.core.engine.ai.BeamSearch.java:91)
2025-10-08 16:08:33,156 INFO  [main] - BeamSearch (propaties) initialized. parallelEnabled=true, parallelism(auto)=16, legacySelectEachLoop=false (jp.go.digital.kanjikana.core.engine.ai.BeamSearch.java:91)
2025-10-08 16:08:33,157 INFO  [main] - BeamSearch (propaties) initialized. parallelEnabled=true, parallelism(auto)=16, legacySelectEachLoop=false (jp.go.digital.kanjikana.core.engine.ai.BeamSearch.java:91)
2025-10-08 16:08:33,271 INFO  [main] - BeamSearch (propaties) initialized. parallelEnabled=true, parallelism(auto)=16, legacySelectEachLoop=false (jp.go.digital.kanjikana.core.engine.ai.BeamSearch.java:91)
2025-10-08 16:08:33,272 INFO  [main] - BeamSearch (propaties) initialized. parallelEnabled=true, parallelism(auto)=16, legacySelectEachLoop=false (jp.go.digital.kanjikana.core.engine.ai.BeamSearch.java:91)
2025-10-08 16:08:33,488 INFO  [main] - BeamSearch (propaties) initialized. parallelEnabled=true, parallelism(auto)=16, legacySelectEachLoop=false (jp.go.digital.kanjikana.core.engine.ai.BeamSearch.java:91)
2025-10-08 16:08:33,633 INFO  [main] - BeamSearch (propaties) initialized. parallelEnabled=true, parallelism(auto)=16, legacySelectEachLoop=false (jp.go.digital.kanjikana.core.engine.ai.BeamSearch.java:91)
2025-10-08 16:08:33,822 INFO  [main] - BeamSearch (propaties) initialized. parallelEnabled=true, parallelism(auto)=16, legacySelectEachLoop=false (jp.go.digital.kanjikana.core.engine.ai.BeamSearch.java:91)
2025-10-08 16:08:34,135 INFO  [main] - BeamSearch (propaties) initialized. parallelEnabled=true, parallelism(auto)=16, legacySelectEachLoop=false (jp.go.digital.kanjikana.core.engine.ai.BeamSearch.java:91)
2025-10-08 16:08:34,136 INFO  [main] - BeamSearch (propaties) initialized. parallelEnabled=true, parallelism(auto)=16, legacySelectEachLoop=false (jp.go.digital.kanjikana.core.engine.ai.BeamSearch.java:91)
2025-10-08 16:08:34,136 INFO  [main] - BeamSearch (propaties) initialized. parallelEnabled=true, parallelism(auto)=16, legacySelectEachLoop=false (jp.go.digital.kanjikana.core.engine.ai.BeamSearch.java:91)
2025-10-08 16:08:34,144 INFO  [main] - BeamSearch (propaties) initialized. parallelEnabled=true, parallelism(auto)=16, legacySelectEachLoop=false (jp.go.digital.kanjikana.core.engine.ai.BeamSearch.java:91)
2025-10-08 16:08:34,269 INFO  [main] - BeamSearch (propaties) initialized. parallelEnabled=true, parallelism(auto)=16, legacySelectEachLoop=false (jp.go.digital.kanjikana.core.engine.ai.BeamSearch.java:91)
2025-10-08 16:08:34,271 INFO  [main] - BeamSearch (propaties) initialized. parallelEnabled=true, parallelism(auto)=16, legacySelectEachLoop=false (jp.go.digital.kanjikana.core.engine.ai.BeamSearch.java:91)
2025-10-08 16:08:34,272 INFO  [main] - BeamSearch (propaties) initialized. parallelEnabled=true, parallelism(auto)=16, legacySelectEachLoop=false (jp.go.digital.kanjikana.core.engine.ai.BeamSearch.java:91)
2025-10-08 16:08:34,385 INFO  [main] - BeamSearch (propaties) initialized. parallelEnabled=true, parallelism(auto)=16, legacySelectEachLoop=false (jp.go.digital.kanjikana.core.engine.ai.BeamSearch.java:91)
2025-10-08 16:08:34,739 INFO  [main] - BeamSearch (propaties) initialized. parallelEnabled=true, parallelism(auto)=16, legacySelectEachLoop=false (jp.go.digital.kanjikana.core.engine.ai.BeamSearch.java:91)
2025-10-08 16:08:34,739 INFO  [main] - BeamSearch (propaties) initialized. parallelEnabled=true, parallelism(auto)=16, legacySelectEachLoop=false (jp.go.digital.kanjikana.core.engine.ai.BeamSearch.java:91)
2025-10-08 16:08:34,740 INFO  [main] - BeamSearch (propaties) initialized. parallelEnabled=true, parallelism(auto)=16, legacySelectEachLoop=false (jp.go.digital.kanjikana.core.engine.ai.BeamSearch.java:91)
2025-10-08 16:08:34,740 INFO  [main] - BeamSearch (propaties) initialized. parallelEnabled=true, parallelism(auto)=16, legacySelectEachLoop=false (jp.go.digital.kanjikana.core.engine.ai.BeamSearch.java:91)
2025-10-08 16:08:34,740 INFO  [main] - BeamSearch (propaties) initialized. parallelEnabled=true, parallelism(auto)=16, legacySelectEachLoop=false (jp.go.digital.kanjikana.core.engine.ai.BeamSearch.java:91)
2025-10-08 16:08:34,741 INFO  [main] - BeamSearch (propaties) initialized. parallelEnabled=true, parallelism(auto)=16, legacySelectEachLoop=false (jp.go.digital.kanjikana.core.engine.ai.BeamSearch.java:91)
2025-10-08 16:08:34,894 INFO  [main] - BeamSearch (propaties) initialized. parallelEnabled=true, parallelism(auto)=16, legacySelectEachLoop=false (jp.go.digital.kanjikana.core.engine.ai.BeamSearch.java:91)
2025-10-08 16:08:34,895 INFO  [main] - BeamSearch (propaties) initialized. parallelEnabled=true, parallelism(auto)=16, legacySelectEachLoop=false (jp.go.digital.kanjikana.core.engine.ai.BeamSearch.java:91)
2025-10-08 16:08:34,895 INFO  [main] - BeamSearch (propaties) initialized. parallelEnabled=true, parallelism(auto)=16, legacySelectEachLoop=false (jp.go.digital.kanjikana.core.engine.ai.BeamSearch.java:91)
2025-10-08 16:08:34,895 INFO  [main] - BeamSearch (propaties) initialized. parallelEnabled=true, parallelism(auto)=16, legacySelectEachLoop=false (jp.go.digital.kanjikana.core.engine.ai.BeamSearch.java:91)
2025-10-08 16:08:34,896 INFO  [main] - BeamSearch (propaties) initialized. parallelEnabled=true, parallelism(auto)=16, legacySelectEachLoop=false (jp.go.digital.kanjikana.core.engine.ai.BeamSearch.java:91)
2025-10-08 16:08:34,900 INFO  [main] - BeamSearch (propaties) initialized. parallelEnabled=true, parallelism(auto)=16, legacySelectEachLoop=false (jp.go.digital.kanjikana.core.engine.ai.BeamSearch.java:91)
2025-10-08 16:08:34,900 INFO  [main] - BeamSearch (propaties) initialized. parallelEnabled=true, parallelism(auto)=16, legacySelectEachLoop=false (jp.go.digital.kanjikana.core.engine.ai.BeamSearch.java:91)
2025-10-08 16:08:34,901 INFO  [main] - BeamSearch (propaties) initialized. parallelEnabled=true, parallelism(auto)=16, legacySelectEachLoop=false (jp.go.digital.kanjikana.core.engine.ai.BeamSearch.java:91)
2025-10-08 16:08:34,901 INFO  [main] - BeamSearch (propaties) initialized. parallelEnabled=true, parallelism(auto)=16, legacySelectEachLoop=false (jp.go.digital.kanjikana.core.engine.ai.BeamSearch.java:91)
2025-10-08 16:08:34,901 INFO  [main] - BeamSearch (propaties) initialized. parallelEnabled=true, parallelism(auto)=16, legacySelectEachLoop=false (jp.go.digital.kanjikana.core.engine.ai.BeamSearch.java:91)
2025-10-08 16:08:34,914 INFO  [main] - BeamSearch (propaties) initialized. parallelEnabled=true, parallelism(auto)=16, legacySelectEachLoop=false (jp.go.digital.kanjikana.core.engine.ai.BeamSearch.java:91)
2025-10-08 16:08:35,064 INFO  [main] - BeamSearch (propaties) initialized. parallelEnabled=true, parallelism(auto)=16, legacySelectEachLoop=false (jp.go.digital.kanjikana.core.engine.ai.BeamSearch.java:91)
2025-10-08 16:08:35,208 INFO  [main] - BeamSearch (propaties) initialized. parallelEnabled=true, parallelism(auto)=16, legacySelectEachLoop=false (jp.go.digital.kanjikana.core.engine.ai.BeamSearch.java:91)
2025-10-08 16:08:35,516 INFO  [main] - BeamSearch (propaties) initialized. parallelEnabled=true, parallelism(auto)=16, legacySelectEachLoop=false (jp.go.digital.kanjikana.core.engine.ai.BeamSearch.java:91)
2025-10-08 16:08:35,516 INFO  [main] - BeamSearch (propaties) initialized. parallelEnabled=true, parallelism(auto)=16, legacySelectEachLoop=false (jp.go.digital.kanjikana.core.engine.ai.BeamSearch.java:91)
2025-10-08 16:08:35,517 INFO  [main] - BeamSearch (propaties) initialized. parallelEnabled=true, parallelism(auto)=16, legacySelectEachLoop=false (jp.go.digital.kanjikana.core.engine.ai.BeamSearch.java:91)
2025-10-08 16:08:35,735 INFO  [main] - BeamSearch (propaties) initialized. parallelEnabled=true, parallelism(auto)=16, legacySelectEachLoop=false (jp.go.digital.kanjikana.core.engine.ai.BeamSearch.java:91)
2025-10-08 16:08:35,735 INFO  [main] - BeamSearch (propaties) initialized. parallelEnabled=true, parallelism(auto)=16, legacySelectEachLoop=false (jp.go.digital.kanjikana.core.engine.ai.BeamSearch.java:91)
2025-10-08 16:08:35,735 INFO  [main] - BeamSearch (propaties) initialized. parallelEnabled=true, parallelism(auto)=16, legacySelectEachLoop=false (jp.go.digital.kanjikana.core.engine.ai.BeamSearch.java:91)
2025-10-08 16:08:35,736 INFO  [main] - BeamSearch (propaties) initialized. parallelEnabled=true, parallelism(auto)=16, legacySelectEachLoop=false (jp.go.digital.kanjikana.core.engine.ai.BeamSearch.java:91)
2025-10-08 16:08:35,736 INFO  [main] - BeamSearch (propaties) initialized. parallelEnabled=true, parallelism(auto)=16, legacySelectEachLoop=false (jp.go.digital.kanjikana.core.engine.ai.BeamSearch.java:91)
2025-10-08 16:08:35,736 INFO  [main] - BeamSearch (propaties) initialized. parallelEnabled=true, parallelism(auto)=16, legacySelectEachLoop=false (jp.go.digital.kanjikana.core.engine.ai.BeamSearch.java:91)
2025-10-08 16:08:35,745 INFO  [main] - BeamSearch (propaties) initialized. parallelEnabled=true, parallelism(auto)=16, legacySelectEachLoop=false (jp.go.digital.kanjikana.core.engine.ai.BeamSearch.java:91)
2025-10-08 16:08:35,746 INFO  [main] - BeamSearch (propaties) initialized. parallelEnabled=true, parallelism(auto)=16, legacySelectEachLoop=false (jp.go.digital.kanjikana.core.engine.ai.BeamSearch.java:91)
2025-10-08 16:08:35,746 INFO  [main] - BeamSearch (propaties) initialized. parallelEnabled=true, parallelism(auto)=16, legacySelectEachLoop=false (jp.go.digital.kanjikana.core.engine.ai.BeamSearch.java:91)
2025-10-08 16:08:35,746 INFO  [main] - BeamSearch (propaties) initialized. parallelEnabled=true, parallelism(auto)=16, legacySelectEachLoop=false (jp.go.digital.kanjikana.core.engine.ai.BeamSearch.java:91)
2025-10-08 16:08:35,747 INFO  [main] - BeamSearch (propaties) initialized. parallelEnabled=true, parallelism(auto)=16, legacySelectEachLoop=false (jp.go.digital.kanjikana.core.engine.ai.BeamSearch.java:91)
2025-10-08 16:08:35,747 INFO  [main] - BeamSearch (propaties) initialized. parallelEnabled=true, parallelism(auto)=16, legacySelectEachLoop=false (jp.go.digital.kanjikana.core.engine.ai.BeamSearch.java:91)
2025-10-08 16:08:35,751 INFO  [main] - BeamSearch (propaties) initialized. parallelEnabled=true, parallelism(auto)=16, legacySelectEachLoop=false (jp.go.digital.kanjikana.core.engine.ai.BeamSearch.java:91)
2025-10-08 16:08:35,931 INFO  [main] - BeamSearch (propaties) initialized. parallelEnabled=true, parallelism(auto)=16, legacySelectEachLoop=false (jp.go.digital.kanjikana.core.engine.ai.BeamSearch.java:91)
2025-10-08 16:08:35,932 INFO  [main] - BeamSearch (propaties) initialized. parallelEnabled=true, parallelism(auto)=16, legacySelectEachLoop=false (jp.go.digital.kanjikana.core.engine.ai.BeamSearch.java:91)
2025-10-08 16:08:35,932 INFO  [main] - BeamSearch (propaties) initialized. parallelEnabled=true, parallelism(auto)=16, legacySelectEachLoop=false (jp.go.digital.kanjikana.core.engine.ai.BeamSearch.java:91)
2025-10-08 16:08:35,932 INFO  [main] - BeamSearch (propaties) initialized. parallelEnabled=true, parallelism(auto)=16, legacySelectEachLoop=false (jp.go.digital.kanjikana.core.engine.ai.BeamSearch.java:91)
2025-10-08 16:08:38,228 INFO  [main] - 1,山田　太郎,ヤマダ　ハナコ,ng (jp.go.digital.kanjikana.core.executor.generate.Kanji2KanaMain.java:110)
2025-10-08 16:08:42,181 INFO  [main] - BeamSearch (propaties) initialized. parallelEnabled=true, parallelism(auto)=16, legacySelectEachLoop=false (jp.go.digital.kanjikana.core.engine.ai.BeamSearch.java:91)
2025-10-08 16:08:42,646 INFO  [main] - 2,山田　太郎,ヤマダタロウ,ok (jp.go.digital.kanjikana.core.executor.generate.Kanji2KanaMain.java:110)
2025-10-08 16:08:42,647 INFO  [main] - BeamSearch (propaties) initialized. parallelEnabled=true, parallelism(auto)=16, legacySelectEachLoop=false (jp.go.digital.kanjikana.core.engine.ai.BeamSearch.java:91)
2025-10-08 16:08:42,880 INFO  [main] - 3,山田　太郎,サンダ　フトロウ,ok (jp.go.digital.kanjikana.core.executor.generate.Kanji2KanaMain.java:110)
2025-10-08 16:08:42,880 INFO  [main] - BeamSearch (propaties) initialized. parallelEnabled=true, parallelism(auto)=16, legacySelectEachLoop=false (jp.go.digital.kanjikana.core.engine.ai.BeamSearch.java:91)
2025-10-08 16:08:43,099 INFO  [main] - 4,BILLY JOEL,ビリー　ジョエル,ok (jp.go.digital.kanjikana.core.executor.generate.Kanji2KanaMain.java:110)
2025-10-08 16:08:43,099 INFO  [main] - BeamSearch (propaties) initialized. parallelEnabled=true, parallelism(auto)=16, legacySelectEachLoop=false (jp.go.digital.kanjikana.core.engine.ai.BeamSearch.java:91)
2025-10-08 16:08:43,333 INFO  [main] - 5,BILLY JOEL,ビリー　ジュエル,ng (jp.go.digital.kanjikana.core.executor.generate.Kanji2KanaMain.java:110)
2025-10-08 16:08:43,334 INFO  [main] - BeamSearch (propaties) initialized. parallelEnabled=true, parallelism(auto)=16, legacySelectEachLoop=false (jp.go.digital.kanjikana.core.engine.ai.BeamSearch.java:91)
2025-10-08 16:08:43,565 INFO  [main] - 6,BILLY JOEL,ビリージョエル,ok (jp.go.digital.kanjikana.core.executor.generate.Kanji2KanaMain.java:110)
2025-10-08 16:08:43,566 INFO  [main] - BeamSearch (propaties) initialized. parallelEnabled=true, parallelism(auto)=16, legacySelectEachLoop=false (jp.go.digital.kanjikana.core.engine.ai.BeamSearch.java:91)
2025-10-08 16:08:43,805 INFO  [main] - 7,東京［日本］　花子,ニッポン　ハナコ,ok (jp.go.digital.kanjikana.core.executor.generate.Kanji2KanaMain.java:110)
2025-10-08 16:08:43,806 INFO  [main] - BeamSearch (propaties) initialized. parallelEnabled=true, parallelism(auto)=16, legacySelectEachLoop=false (jp.go.digital.kanjikana.core.engine.ai.BeamSearch.java:91)
2025-10-08 16:08:44,072 INFO  [main] - BeamSearch (propaties) initialized. parallelEnabled=true, parallelism(auto)=16, legacySelectEachLoop=false (jp.go.digital.kanjikana.core.engine.ai.BeamSearch.java:91)
2025-10-08 16:08:44,314 INFO  [main] - 8,東京［日本］　花子,トウキョウ　ハナコ,ok (jp.go.digital.kanjikana.core.executor.generate.Kanji2KanaMain.java:110)
2025-10-08 16:08:44,315 INFO  [main] - BeamSearch (propaties) initialized. parallelEnabled=true, parallelism(auto)=16, legacySelectEachLoop=false (jp.go.digital.kanjikana.core.engine.ai.BeamSearch.java:91)
2025-10-08 16:08:44,600 INFO  [main] - BeamSearch (propaties) initialized. parallelEnabled=true, parallelism(auto)=16, legacySelectEachLoop=false (jp.go.digital.kanjikana.core.engine.ai.BeamSearch.java:91)
2025-10-08 16:08:44,820 INFO  [main] - 9,東京［日本］　花子,ニホン　ハナコ,ok (jp.go.digital.kanjikana.core.executor.generate.Kanji2KanaMain.java:110)
2025-10-08 16:08:44,821 INFO  [main] - BeamSearch (propaties) initialized. parallelEnabled=true, parallelism(auto)=16, legacySelectEachLoop=false (jp.go.digital.kanjikana.core.engine.ai.BeamSearch.java:91)
2025-10-08 16:08:45,077 INFO  [main] - BeamSearch (propaties) initialized. parallelEnabled=true, parallelism(auto)=16, legacySelectEachLoop=false (jp.go.digital.kanjikana.core.engine.ai.BeamSearch.java:91)
2025-10-08 16:08:45,277 INFO  [main] - 10,東京［日本］　花子,ニホン　ジロウ,ng (jp.go.digital.kanjikana.core.executor.generate.Kanji2KanaMain.java:110)
2025-10-08 16:08:45,278 INFO  [main] - BeamSearch (propaties) initialized. parallelEnabled=true, parallelism(auto)=16, legacySelectEachLoop=false (jp.go.digital.kanjikana.core.engine.ai.BeamSearch.java:91)
2025-10-08 16:08:45,540 INFO  [main] - BeamSearch (propaties) initialized. parallelEnabled=true, parallelism(auto)=16, legacySelectEachLoop=false (jp.go.digital.kanjikana.core.engine.ai.BeamSearch.java:91)
2025-10-08 16:08:45,739 INFO  [main] - 11,ALLEN JACKSON＿鈴木　一郎（高橋　二郎）,タカハシ　ジロウ,ok (jp.go.digital.kanjikana.core.executor.generate.Kanji2KanaMain.java:110)
2025-10-08 16:08:45,740 INFO  [main] - BeamSearch (propaties) initialized. parallelEnabled=true, parallelism(auto)=16, legacySelectEachLoop=false (jp.go.digital.kanjikana.core.engine.ai.BeamSearch.java:91)
2025-10-08 16:08:46,033 INFO  [main] - BeamSearch (propaties) initialized. parallelEnabled=true, parallelism(auto)=16, legacySelectEachLoop=false (jp.go.digital.kanjikana.core.engine.ai.BeamSearch.java:91)
2025-10-08 16:08:46,252 INFO  [main] - BeamSearch (propaties) initialized. parallelEnabled=true, parallelism(auto)=16, legacySelectEachLoop=false (jp.go.digital.kanjikana.core.engine.ai.BeamSearch.java:91)
2025-10-08 16:08:46,457 INFO  [main] - 12,ALLEN JACKSON＿鈴木　一郎（高橋　二郎）,スズキ　イチロウ,ok (jp.go.digital.kanjikana.core.executor.generate.Kanji2KanaMain.java:110)
2025-10-08 16:08:46,457 INFO  [main] - BeamSearch (propaties) initialized. parallelEnabled=true, parallelism(auto)=16, legacySelectEachLoop=false (jp.go.digital.kanjikana.core.engine.ai.BeamSearch.java:91)
2025-10-08 16:08:46,753 INFO  [main] - BeamSearch (propaties) initialized. parallelEnabled=true, parallelism(auto)=16, legacySelectEachLoop=false (jp.go.digital.kanjikana.core.engine.ai.BeamSearch.java:91)
2025-10-08 16:08:46,969 INFO  [main] - BeamSearch (propaties) initialized. parallelEnabled=true, parallelism(auto)=16, legacySelectEachLoop=false (jp.go.digital.kanjikana.core.engine.ai.BeamSearch.java:91)
2025-10-08 16:08:47,166 INFO  [main] - 13,ALLEN JACKSON＿鈴木　一郎（高橋　二郎）,アーレン　イチロウ,ng (jp.go.digital.kanjikana.core.executor.generate.Kanji2KanaMain.java:110)
2025-10-08 16:08:47,167 INFO  [main] - BeamSearch (propaties) initialized. parallelEnabled=true, parallelism(auto)=16, legacySelectEachLoop=false (jp.go.digital.kanjikana.core.engine.ai.BeamSearch.java:91)
2025-10-08 16:08:47,452 INFO  [main] - BeamSearch (propaties) initialized. parallelEnabled=true, parallelism(auto)=16, legacySelectEachLoop=false (jp.go.digital.kanjikana.core.engine.ai.BeamSearch.java:91)
2025-10-08 16:08:47,673 INFO  [main] - BeamSearch (propaties) initialized. parallelEnabled=true, parallelism(auto)=16, legacySelectEachLoop=false (jp.go.digital.kanjikana.core.engine.ai.BeamSearch.java:91)
2025-10-08 16:08:47,886 INFO  [main] - 14,ALLEN JACKSON＿鈴木　一郎（高橋　二郎）,アーレン　ジャクソン,ok (jp.go.digital.kanjikana.core.executor.generate.Kanji2KanaMain.java:110)
2025-10-08 16:08:47,887 INFO  [main] - BeamSearch (propaties) initialized. parallelEnabled=true, parallelism(auto)=16, legacySelectEachLoop=false (jp.go.digital.kanjikana.core.engine.ai.BeamSearch.java:91)
2025-10-08 16:08:48,171 INFO  [main] - BeamSearch (propaties) initialized. parallelEnabled=true, parallelism(auto)=16, legacySelectEachLoop=false (jp.go.digital.kanjikana.core.engine.ai.BeamSearch.java:91)
2025-10-08 16:08:48,395 INFO  [main] - BeamSearch (propaties) initialized. parallelEnabled=true, parallelism(auto)=16, legacySelectEachLoop=false (jp.go.digital.kanjikana.core.engine.ai.BeamSearch.java:91)
2025-10-08 16:08:48,599 INFO  [main] - 15,ALLEN JACKSON＿鈴木　一郎（高橋　光宙）,タカハシ　ピカチュウ,ok (jp.go.digital.kanjikana.core.executor.generate.Kanji2KanaMain.java:110)
2025-10-08 16:08:48,599 INFO  [main] - BeamSearch (propaties) initialized. parallelEnabled=true, parallelism(auto)=16, legacySelectEachLoop=false (jp.go.digital.kanjikana.core.engine.ai.BeamSearch.java:91)
2025-10-08 16:08:48,880 INFO  [main] - BeamSearch (propaties) initialized. parallelEnabled=true, parallelism(auto)=16, legacySelectEachLoop=false (jp.go.digital.kanjikana.core.engine.ai.BeamSearch.java:91)
2025-10-08 16:08:49,105 INFO  [main] - BeamSearch (propaties) initialized. parallelEnabled=true, parallelism(auto)=16, legacySelectEachLoop=false (jp.go.digital.kanjikana.core.engine.ai.BeamSearch.java:91)
2025-10-08 16:08:50,668 INFO  [main] - 1,山田　太郎,ヤマダ　ハナコ,ng (jp.go.digital.kanjikana.core.executor.generate.Kana2KanjiMain.java:110)
2025-10-08 16:08:55,049 INFO  [main] - BeamSearch (propaties) initialized. parallelEnabled=true, parallelism(auto)=16, legacySelectEachLoop=false (jp.go.digital.kanjikana.core.engine.ai.BeamSearch.java:91)
2025-10-08 16:08:55,473 INFO  [main] - 2,山田　太郎,ヤマダタロウ,ok (jp.go.digital.kanjikana.core.executor.generate.Kana2KanjiMain.java:110)
2025-10-08 16:08:55,473 INFO  [main] - BeamSearch (propaties) initialized. parallelEnabled=true, parallelism(auto)=16, legacySelectEachLoop=false (jp.go.digital.kanjikana.core.engine.ai.BeamSearch.java:91)
2025-10-08 16:08:55,684 INFO  [main] - 3,山田　太郎,サンダ　フトロウ,ok (jp.go.digital.kanjikana.core.executor.generate.Kana2KanjiMain.java:110)
2025-10-08 16:08:55,684 INFO  [main] - BeamSearch (propaties) initialized. parallelEnabled=true, parallelism(auto)=16, legacySelectEachLoop=false (jp.go.digital.kanjikana.core.engine.ai.BeamSearch.java:91)
2025-10-08 16:08:55,919 INFO  [main] - 4,BILLY JOEL,ビリー　ジョエル,ok (jp.go.digital.kanjikana.core.executor.generate.Kana2KanjiMain.java:110)
2025-10-08 16:08:55,920 INFO  [main] - BeamSearch (propaties) initialized. parallelEnabled=true, parallelism(auto)=16, legacySelectEachLoop=false (jp.go.digital.kanjikana.core.engine.ai.BeamSearch.java:91)
2025-10-08 16:08:56,219 INFO  [main] - 5,BILLY JOEL,ビリー　ジュエル,ng (jp.go.digital.kanjikana.core.executor.generate.Kana2KanjiMain.java:110)
2025-10-08 16:08:56,220 INFO  [main] - BeamSearch (propaties) initialized. parallelEnabled=true, parallelism(auto)=16, legacySelectEachLoop=false (jp.go.digital.kanjikana.core.engine.ai.BeamSearch.java:91)
2025-10-08 16:08:56,517 INFO  [main] - 6,BILLY JOEL,ビリージョエル,ok (jp.go.digital.kanjikana.core.executor.generate.Kana2KanjiMain.java:110)
2025-10-08 16:08:56,517 INFO  [main] - BeamSearch (propaties) initialized. parallelEnabled=true, parallelism(auto)=16, legacySelectEachLoop=false (jp.go.digital.kanjikana.core.engine.ai.BeamSearch.java:91)
2025-10-08 16:08:56,825 INFO  [main] - 7,東京［日本］　花子,ニッポン　ハナコ,ok (jp.go.digital.kanjikana.core.executor.generate.Kana2KanjiMain.java:110)
2025-10-08 16:08:56,826 INFO  [main] - BeamSearch (propaties) initialized. parallelEnabled=true, parallelism(auto)=16, legacySelectEachLoop=false (jp.go.digital.kanjikana.core.engine.ai.BeamSearch.java:91)
2025-10-08 16:08:57,043 INFO  [main] - 8,東京［日本］　花子,トウキョウ　ハナコ,ok (jp.go.digital.kanjikana.core.executor.generate.Kana2KanjiMain.java:110)
2025-10-08 16:08:57,044 INFO  [main] - BeamSearch (propaties) initialized. parallelEnabled=true, parallelism(auto)=16, legacySelectEachLoop=false (jp.go.digital.kanjikana.core.engine.ai.BeamSearch.java:91)
2025-10-08 16:08:57,216 INFO  [main] - 9,東京［日本］　花子,ニホン　ハナコ,ok (jp.go.digital.kanjikana.core.executor.generate.Kana2KanjiMain.java:110)
2025-10-08 16:08:57,216 INFO  [main] - BeamSearch (propaties) initialized. parallelEnabled=true, parallelism(auto)=16, legacySelectEachLoop=false (jp.go.digital.kanjikana.core.engine.ai.BeamSearch.java:91)
2025-10-08 16:08:57,405 INFO  [main] - 10,東京［日本］　花子,ニホン　ジロウ,ng (jp.go.digital.kanjikana.core.executor.generate.Kana2KanjiMain.java:110)
2025-10-08 16:08:57,406 INFO  [main] - BeamSearch (propaties) initialized. parallelEnabled=true, parallelism(auto)=16, legacySelectEachLoop=false (jp.go.digital.kanjikana.core.engine.ai.BeamSearch.java:91)
2025-10-08 16:08:57,567 INFO  [main] - 11,ALLEN JACKSON＿鈴木　一郎（高橋　二郎）,タカハシ　ジロウ,ok (jp.go.digital.kanjikana.core.executor.generate.Kana2KanjiMain.java:110)
2025-10-08 16:08:57,568 INFO  [main] - BeamSearch (propaties) initialized. parallelEnabled=true, parallelism(auto)=16, legacySelectEachLoop=false (jp.go.digital.kanjikana.core.engine.ai.BeamSearch.java:91)
2025-10-08 16:08:57,718 INFO  [main] - 12,ALLEN JACKSON＿鈴木　一郎（高橋　二郎）,スズキ　イチロウ,ok (jp.go.digital.kanjikana.core.executor.generate.Kana2KanjiMain.java:110)
2025-10-08 16:08:57,718 INFO  [main] - BeamSearch (propaties) initialized. parallelEnabled=true, parallelism(auto)=16, legacySelectEachLoop=false (jp.go.digital.kanjikana.core.engine.ai.BeamSearch.java:91)
2025-10-08 16:08:57,907 INFO  [main] - 13,ALLEN JACKSON＿鈴木　一郎（高橋　二郎）,アーレン　イチロウ,ng (jp.go.digital.kanjikana.core.executor.generate.Kana2KanjiMain.java:110)
2025-10-08 16:08:57,907 INFO  [main] - BeamSearch (propaties) initialized. parallelEnabled=true, parallelism(auto)=16, legacySelectEachLoop=false (jp.go.digital.kanjikana.core.engine.ai.BeamSearch.java:91)
2025-10-08 16:08:58,191 INFO  [main] - 14,ALLEN JACKSON＿鈴木　一郎（高橋　二郎）,アーレン　ジャクソン,ok (jp.go.digital.kanjikana.core.executor.generate.Kana2KanjiMain.java:110)
2025-10-08 16:08:58,191 INFO  [main] - BeamSearch (propaties) initialized. parallelEnabled=true, parallelism(auto)=16, legacySelectEachLoop=false (jp.go.digital.kanjikana.core.engine.ai.BeamSearch.java:91)
2025-10-08 16:08:58,522 INFO  [main] - 15,ALLEN JACKSON＿鈴木　一郎（高橋　光宙）,タカハシ　ピカチュウ,ok (jp.go.digital.kanjikana.core.executor.generate.Kana2KanjiMain.java:110)
2025-10-08 16:08:58,523 INFO  [main] - BeamSearch (propaties) initialized. parallelEnabled=true, parallelism(auto)=16, legacySelectEachLoop=false (jp.go.digital.kanjikana.core.engine.ai.BeamSearch.java:91)
